<?xml version="1.0" encoding="UTF-8"?>
<testng-results ignored="0" total="1" passed="1" failed="0" skipped="0">
  <reporter-output>
  </reporter-output>
  <suite started-at="2025-12-10T11:38:44Z" name="Default suite" finished-at="2025-12-10T11:38:46Z" duration-ms="1207">
    <groups>
    </groups>
    <test started-at="2025-12-10T11:38:44Z" name="Default test" finished-at="2025-12-10T11:38:46Z" duration-ms="1207">
      <class name="sample.crud.withBDD.SampleTestForBDDDeleteTest">
        <test-method signature="DeleteDataFromServerwithBDD()[pri:0, instance:sample.crud.withBDD.SampleTestForBDDDeleteTest@14028087]" started-at="2025-12-10T11:38:44Z" name="DeleteDataFromServerwithBDD" finished-at="2025-12-10T11:38:46Z" duration-ms="1192" status="PASS">
          <reporter-output>
          </reporter-output>
        </test-method> <!-- DeleteDataFromServerwithBDD -->
      </class> <!-- sample.crud.withBDD.SampleTestForBDDDeleteTest -->
    </test> <!-- Default test -->
  </suite> <!-- Default suite -->
</testng-results>
