<?xml version="1.0" encoding="UTF-8"?>
<testng-results ignored="0" total="2" passed="2" failed="0" skipped="0">
  <reporter-output>
    <line>
      <![CDATA[Report Configuration]]>
    </line>
    <line>
      <![CDATA[Successfully Created the CampaignMarket]]>
    </line>
    <line>
      <![CDATA[======CreateCampTest===SUCCESS=========]]>
    </line>
    <line>
      <![CDATA[Successfully Created the campaign Market]]>
    </line>
    <line>
      <![CDATA[======createCampWithExpDateTest===SUCCESS=========]]>
    </line>
  </reporter-output>
  <suite started-at="2025-11-10T17:35:30 IST" name="Suite" finished-at="2025-11-10T17:36:27 IST" duration-ms="57065">
    <groups>
      <group name="SmokeTest">
        <method signature="CreateCampWithExpectedCloseDateTest.createCampWithExpDateTest()[pri:0, instance:CRM_Ninza.createcampaign.CreateCampWithExpectedCloseDateTest@5a59ca5e]" name="createCampWithExpDateTest" class="CRM_Ninza.createcampaign.CreateCampWithExpectedCloseDateTest"/>
        <method signature="CreateCampaignWithMandatoryFeildsTest.CreateCampTest()[pri:0, instance:CRM_Ninza.createcampaign.CreateCampaignWithMandatoryFeildsTest@c430e6c]" name="CreateCampTest" class="CRM_Ninza.createcampaign.CreateCampaignWithMandatoryFeildsTest"/>
      </group> <!-- SmokeTest -->
      <group name="RegressionTest">
        <method signature="CreateCampWithExpectedCloseDateTest.createCampWithExpDateTest()[pri:0, instance:CRM_Ninza.createcampaign.CreateCampWithExpectedCloseDateTest@5a59ca5e]" name="createCampWithExpDateTest" class="CRM_Ninza.createcampaign.CreateCampWithExpectedCloseDateTest"/>
        <method signature="CreateCampaignWithMandatoryFeildsTest.CreateCampTest()[pri:0, instance:CRM_Ninza.createcampaign.CreateCampaignWithMandatoryFeildsTest@c430e6c]" name="CreateCampTest" class="CRM_Ninza.createcampaign.CreateCampaignWithMandatoryFeildsTest"/>
      </group> <!-- RegressionTest -->
    </groups>
    <test started-at="2025-11-10T17:35:30 IST" name="Test" finished-at="2025-11-10T17:36:27 IST" duration-ms="57065">
      <class name="CRM_Ninza.createcampaign.CreateCampWithExpectedCloseDateTest">
        <test-method is-config="true" signature="configBC()[pri:0, instance:CRM_Ninza.createcampaign.CreateCampWithExpectedCloseDateTest@5a59ca5e]" started-at="2025-11-10T17:35:51 IST" name="configBC" finished-at="2025-11-10T17:35:55 IST" duration-ms="3626" status="PASS">
          <reporter-output>
          </reporter-output>
        </test-method> <!-- configBC -->
        <test-method is-config="true" signature="ConfigBM()[pri:0, instance:CRM_Ninza.createcampaign.CreateCampWithExpectedCloseDateTest@5a59ca5e]" started-at="2025-11-10T17:35:55 IST" name="ConfigBM" finished-at="2025-11-10T17:35:55 IST" duration-ms="355" status="PASS">
          <reporter-output>
          </reporter-output>
        </test-method> <!-- ConfigBM -->
        <test-method signature="createCampWithExpDateTest()[pri:0, instance:CRM_Ninza.createcampaign.CreateCampWithExpectedCloseDateTest@5a59ca5e]" started-at="2025-11-10T17:35:55 IST" name="createCampWithExpDateTest" finished-at="2025-11-10T17:35:57 IST" duration-ms="1713" status="PASS">
          <reporter-output>
            <line>
              <![CDATA[Successfully Created the campaign Market]]>
            </line>
            <line>
              <![CDATA[======createCampWithExpDateTest===SUCCESS=========]]>
            </line>
          </reporter-output>
        </test-method> <!-- createCampWithExpDateTest -->
        <test-method is-config="true" signature="ConfigAM()[pri:0, instance:CRM_Ninza.createcampaign.CreateCampWithExpectedCloseDateTest@5a59ca5e]" started-at="2025-11-10T17:35:57 IST" name="ConfigAM" finished-at="2025-11-10T17:36:27 IST" duration-ms="30408" status="FAIL">
          <exception class="org.openqa.selenium.NoSuchElementException">
            <message>
              <![CDATA[no such element: Unable to locate element: {"method":"xpath","selector":"//div[.='Logout ']"}
  (Session info: chrome=142.0.7444.60)
For documentation on this error, please visit: https://www.selenium.dev/documentation/webdriver/troubleshooting/errors#no-such-element-exception
Build info: version: '4.34.0', revision: '707dcb4246*'
System info: os.name: 'Windows 11', os.arch: 'amd64', os.version: '10.0', java.version: '11.0.20.1'
Driver info: org.openqa.selenium.chrome.ChromeDriver
Command: [ab9d82e2557354318a258b88707f0562, findElement {using=xpath, value=//div[.='Logout ']}]
Capabilities {acceptInsecureCerts: false, browserName: chrome, browserVersion: 142.0.7444.60, chrome: {chromedriverVersion: 142.0.7444.61 (9884f628acbc..., userDataDir: C:\Users\hp\AppData\Local\T...}, fedcm:accounts: true, goog:chromeOptions: {debuggerAddress: localhost:64033}, goog:processID: 17512, networkConnectionEnabled: false, pageLoadStrategy: normal, platformName: windows, proxy: Proxy(), se:cdp: ws://localhost:64033/devtoo..., se:cdpVersion: 142.0.7444.60, setWindowRect: true, strictFileInteractability: false, timeouts: {implicit: 0, pageLoad: 300000, script: 30000}, unhandledPromptBehavior: dismiss and notify, webauthn:extension:credBlob: true, webauthn:extension:largeBlob: true, webauthn:extension:minPinLength: true, webauthn:extension:prf: true, webauthn:virtualAuthenticators: true}
Session ID: ab9d82e2557354318a258b88707f0562]]>
            </message>
            <full-stacktrace>
              <![CDATA[org.openqa.selenium.NoSuchElementException: no such element: Unable to locate element: {"method":"xpath","selector":"//div[.='Logout ']"}
  (Session info: chrome=142.0.7444.60)
For documentation on this error, please visit: https://www.selenium.dev/documentation/webdriver/troubleshooting/errors#no-such-element-exception
Build info: version: '4.34.0', revision: '707dcb4246*'
System info: os.name: 'Windows 11', os.arch: 'amd64', os.version: '10.0', java.version: '11.0.20.1'
Driver info: org.openqa.selenium.chrome.ChromeDriver
Command: [ab9d82e2557354318a258b88707f0562, findElement {using=xpath, value=//div[.='Logout ']}]
Capabilities {acceptInsecureCerts: false, browserName: chrome, browserVersion: 142.0.7444.60, chrome: {chromedriverVersion: 142.0.7444.61 (9884f628acbc..., userDataDir: C:\Users\hp\AppData\Local\T...}, fedcm:accounts: true, goog:chromeOptions: {debuggerAddress: localhost:64033}, goog:processID: 17512, networkConnectionEnabled: false, pageLoadStrategy: normal, platformName: windows, proxy: Proxy(), se:cdp: ws://localhost:64033/devtoo..., se:cdpVersion: 142.0.7444.60, setWindowRect: true, strictFileInteractability: false, timeouts: {implicit: 0, pageLoad: 300000, script: 30000}, unhandledPromptBehavior: dismiss and notify, webauthn:extension:credBlob: true, webauthn:extension:largeBlob: true, webauthn:extension:minPinLength: true, webauthn:extension:prf: true, webauthn:virtualAuthenticators: true}
Session ID: ab9d82e2557354318a258b88707f0562
at java.base/jdk.internal.reflect.NativeConstructorAccessorImpl.newInstance0(Native Method)
at java.base/jdk.internal.reflect.NativeConstructorAccessorImpl.newInstance(NativeConstructorAccessorImpl.java:62)
at java.base/jdk.internal.reflect.DelegatingConstructorAccessorImpl.newInstance(DelegatingConstructorAccessorImpl.java:45)
at java.base/java.lang.reflect.Constructor.newInstance(Constructor.java:490)
at org.openqa.selenium.remote.ErrorCodec.decode(ErrorCodec.java:167)
at org.openqa.selenium.remote.codec.w3c.W3CHttpResponseCodec.decode(W3CHttpResponseCodec.java:138)
at org.openqa.selenium.remote.codec.w3c.W3CHttpResponseCodec.decode(W3CHttpResponseCodec.java:50)
at org.openqa.selenium.remote.HttpCommandExecutor.execute(HttpCommandExecutor.java:215)
at org.openqa.selenium.remote.service.DriverCommandExecutor.invokeExecute(DriverCommandExecutor.java:216)
at org.openqa.selenium.remote.service.DriverCommandExecutor.execute(DriverCommandExecutor.java:174)
at org.openqa.selenium.remote.RemoteWebDriver.execute(RemoteWebDriver.java:544)
at org.openqa.selenium.remote.ElementLocation$ElementFinder$2.findElement(ElementLocation.java:165)
at org.openqa.selenium.remote.ElementLocation.findElement(ElementLocation.java:59)
at org.openqa.selenium.remote.RemoteWebDriver.findElement(RemoteWebDriver.java:367)
at org.openqa.selenium.remote.RemoteWebDriver.findElement(RemoteWebDriver.java:361)
at org.openqa.selenium.support.pagefactory.DefaultElementLocator.findElement(DefaultElementLocator.java:68)
at org.openqa.selenium.support.pagefactory.internal.LocatingElementHandler.invoke(LocatingElementHandler.java:38)
at com.sun.proxy.$Proxy22.click(Unknown Source)
at crm.baseclass.BaseClass.ConfigAM(BaseClass.java:108)
at java.base/jdk.internal.reflect.NativeMethodAccessorImpl.invoke0(Native Method)
at java.base/jdk.internal.reflect.NativeMethodAccessorImpl.invoke(NativeMethodAccessorImpl.java:62)
at java.base/jdk.internal.reflect.DelegatingMethodAccessorImpl.invoke(DelegatingMethodAccessorImpl.java:43)
at java.base/java.lang.reflect.Method.invoke(Method.java:566)
at org.testng.internal.invokers.MethodInvocationHelper.invokeMethod(MethodInvocationHelper.java:141)
at org.testng.internal.invokers.MethodInvocationHelper.invokeMethodConsideringTimeout(MethodInvocationHelper.java:71)
at org.testng.internal.invokers.ConfigInvoker.invokeConfigurationMethod(ConfigInvoker.java:400)
at org.testng.internal.invokers.ConfigInvoker.invokeConfigurations(ConfigInvoker.java:333)
at org.testng.internal.invokers.TestInvoker.runConfigMethods(TestInvoker.java:833)
at org.testng.internal.invokers.TestInvoker.runAfterConfigurations(TestInvoker.java:802)
at org.testng.internal.invokers.TestInvoker.invokeMethod(TestInvoker.java:778)
at org.testng.internal.invokers.TestInvoker.invokeTestMethod(TestInvoker.java:230)
at org.testng.internal.invokers.MethodRunner.runInSequence(MethodRunner.java:63)
at org.testng.internal.invokers.TestInvoker$MethodInvocationAgent.invoke(TestInvoker.java:992)
at org.testng.internal.invokers.TestInvoker.invokeTestMethods(TestInvoker.java:203)
at org.testng.internal.invokers.TestMethodWorker.invokeTestMethods(TestMethodWorker.java:154)
at org.testng.internal.invokers.TestMethodWorker.run(TestMethodWorker.java:134)
at java.base/java.util.ArrayList.forEach(ArrayList.java:1541)
at org.testng.TestRunner.privateRun(TestRunner.java:739)
at org.testng.TestRunner.run(TestRunner.java:614)
at org.testng.SuiteRunner.runTest(SuiteRunner.java:421)
at org.testng.SuiteRunner.runSequentially(SuiteRunner.java:413)
at org.testng.SuiteRunner.privateRun(SuiteRunner.java:373)
at org.testng.SuiteRunner.run(SuiteRunner.java:312)
at org.testng.SuiteRunnerWorker.runSuite(SuiteRunnerWorker.java:52)
at org.testng.SuiteRunnerWorker.run(SuiteRunnerWorker.java:95)
at org.testng.TestNG.runSuitesSequentially(TestNG.java:1274)
at org.testng.TestNG.runSuitesLocally(TestNG.java:1208)
at org.testng.TestNG.runSuites(TestNG.java:1112)
at org.testng.TestNG.run(TestNG.java:1079)
at org.testng.remote.AbstractRemoteTestNG.run(AbstractRemoteTestNG.java:115)
at org.testng.remote.RemoteTestNG.initAndRun(RemoteTestNG.java:293)
at org.testng.remote.RemoteTestNG.main(RemoteTestNG.java:91)
]]>
            </full-stacktrace>
          </exception> <!-- org.openqa.selenium.NoSuchElementException -->
          <reporter-output>
          </reporter-output>
        </test-method> <!-- ConfigAM -->
        <test-method is-config="true" signature="ConfigAC()[pri:0, instance:CRM_Ninza.createcampaign.CreateCampWithExpectedCloseDateTest@5a59ca5e]" started-at="2025-11-10T17:36:27 IST" name="ConfigAC" finished-at="2025-11-10T17:36:27 IST" duration-ms="0" status="SKIP">
          <reporter-output>
          </reporter-output>
        </test-method> <!-- ConfigAC -->
      </class> <!-- CRM_Ninza.createcampaign.CreateCampWithExpectedCloseDateTest -->
      <class name="CRM_Ninza.createcampaign.CreateCampaignWithMandatoryFeildsTest">
        <test-method is-config="true" signature="ConfigBS()[pri:0, instance:CRM_Ninza.createcampaign.CreateCampaignWithMandatoryFeildsTest@c430e6c]" started-at="2025-11-10T17:35:30 IST" name="ConfigBS" finished-at="2025-11-10T17:35:30 IST" duration-ms="21" status="PASS">
          <reporter-output>
          </reporter-output>
        </test-method> <!-- ConfigBS -->
        <test-method is-config="true" signature="configBT()[pri:0, instance:CRM_Ninza.createcampaign.CreateCampaignWithMandatoryFeildsTest@c430e6c]" started-at="2025-11-10T17:35:30 IST" name="configBT" finished-at="2025-11-10T17:35:30 IST" duration-ms="0" status="PASS">
          <reporter-output>
          </reporter-output>
        </test-method> <!-- configBT -->
        <test-method is-config="true" signature="configBC()[pri:0, instance:CRM_Ninza.createcampaign.CreateCampaignWithMandatoryFeildsTest@c430e6c]" started-at="2025-11-10T17:35:30 IST" name="configBC" finished-at="2025-11-10T17:35:35 IST" duration-ms="4633" status="PASS">
          <reporter-output>
          </reporter-output>
        </test-method> <!-- configBC -->
        <test-method is-config="true" signature="ConfigBM()[pri:0, instance:CRM_Ninza.createcampaign.CreateCampaignWithMandatoryFeildsTest@c430e6c]" started-at="2025-11-10T17:35:35 IST" name="ConfigBM" finished-at="2025-11-10T17:35:36 IST" duration-ms="841" status="PASS">
          <reporter-output>
          </reporter-output>
        </test-method> <!-- ConfigBM -->
        <test-method signature="CreateCampTest()[pri:0, instance:CRM_Ninza.createcampaign.CreateCampaignWithMandatoryFeildsTest@c430e6c]" started-at="2025-11-10T17:35:36 IST" name="CreateCampTest" finished-at="2025-11-10T17:35:39 IST" duration-ms="3230" status="PASS">
          <reporter-output>
            <line>
              <![CDATA[Successfully Created the CampaignMarket]]>
            </line>
            <line>
              <![CDATA[======CreateCampTest===SUCCESS=========]]>
            </line>
          </reporter-output>
        </test-method> <!-- CreateCampTest -->
        <test-method is-config="true" signature="ConfigAM()[pri:0, instance:CRM_Ninza.createcampaign.CreateCampaignWithMandatoryFeildsTest@c430e6c]" started-at="2025-11-10T17:35:39 IST" name="ConfigAM" finished-at="2025-11-10T17:35:50 IST" duration-ms="11476" status="PASS">
          <reporter-output>
          </reporter-output>
        </test-method> <!-- ConfigAM -->
        <test-method is-config="true" signature="ConfigAC()[pri:0, instance:CRM_Ninza.createcampaign.CreateCampaignWithMandatoryFeildsTest@c430e6c]" started-at="2025-11-10T17:35:50 IST" name="ConfigAC" finished-at="2025-11-10T17:35:51 IST" duration-ms="709" status="PASS">
          <reporter-output>
          </reporter-output>
        </test-method> <!-- ConfigAC -->
        <test-method is-config="true" signature="ConfigAT()[pri:0, instance:CRM_Ninza.createcampaign.CreateCampaignWithMandatoryFeildsTest@c430e6c]" started-at="2025-11-10T17:36:27 IST" name="ConfigAT" finished-at="2025-11-10T17:36:27 IST" duration-ms="0" status="PASS">
          <reporter-output>
          </reporter-output>
        </test-method> <!-- ConfigAT -->
        <test-method is-config="true" signature="ConfigAS()[pri:0, instance:CRM_Ninza.createcampaign.CreateCampaignWithMandatoryFeildsTest@c430e6c]" started-at="2025-11-10T17:36:27 IST" name="ConfigAS" finished-at="2025-11-10T17:36:27 IST" duration-ms="1" status="PASS">
          <reporter-output>
          </reporter-output>
        </test-method> <!-- ConfigAS -->
      </class> <!-- CRM_Ninza.createcampaign.CreateCampaignWithMandatoryFeildsTest -->
    </test> <!-- Test -->
  </suite> <!-- Suite -->
</testng-results>
