<?xml version="1.0" encoding="UTF-8"?>
<testng-results ignored="0" total="2" passed="2" failed="0" skipped="0">
  <reporter-output>
    <line>
      <![CDATA[Report Configuration]]>
    </line>
    <line>
      <![CDATA[Successfully Created the CampaignMarket]]>
    </line>
    <line>
      <![CDATA[======CreateCampTest===SUCCESS=========]]>
    </line>
    <line>
      <![CDATA[Successfully Created the campaign Market]]>
    </line>
    <line>
      <![CDATA[======createCampWithExpDateTest===SUCCESS=========]]>
    </line>
  </reporter-output>
  <suite started-at="2025-11-10T16:43:53 IST" name="Suite" finished-at="2025-11-10T16:44:26 IST" duration-ms="32968">
    <groups>
      <group name="SmokeTest">
        <method signature="CreateCampWithExpectedCloseDateTest.createCampWithExpDateTest()[pri:0, instance:CRM_Ninza.createcampaign.CreateCampWithExpectedCloseDateTest@43f02ef2]" name="createCampWithExpDateTest" class="CRM_Ninza.createcampaign.CreateCampWithExpectedCloseDateTest"/>
        <method signature="CreateCampaignWithMandatoryFeildsTest.CreateCampTest()[pri:0, instance:CRM_Ninza.createcampaign.CreateCampaignWithMandatoryFeildsTest@3de8f619]" name="CreateCampTest" class="CRM_Ninza.createcampaign.CreateCampaignWithMandatoryFeildsTest"/>
      </group> <!-- SmokeTest -->
      <group name="RegressionTest">
        <method signature="CreateCampWithExpectedCloseDateTest.createCampWithExpDateTest()[pri:0, instance:CRM_Ninza.createcampaign.CreateCampWithExpectedCloseDateTest@43f02ef2]" name="createCampWithExpDateTest" class="CRM_Ninza.createcampaign.CreateCampWithExpectedCloseDateTest"/>
        <method signature="CreateCampaignWithMandatoryFeildsTest.CreateCampTest()[pri:0, instance:CRM_Ninza.createcampaign.CreateCampaignWithMandatoryFeildsTest@3de8f619]" name="CreateCampTest" class="CRM_Ninza.createcampaign.CreateCampaignWithMandatoryFeildsTest"/>
      </group> <!-- RegressionTest -->
    </groups>
    <test started-at="2025-11-10T16:43:53 IST" name="Test" finished-at="2025-11-10T16:44:26 IST" duration-ms="32968">
      <class name="CRM_Ninza.createcampaign.CreateCampWithExpectedCloseDateTest">
        <test-method is-config="true" signature="configBC()[pri:0, instance:CRM_Ninza.createcampaign.CreateCampWithExpectedCloseDateTest@43f02ef2]" started-at="2025-11-10T16:44:10 IST" name="configBC" finished-at="2025-11-10T16:44:12 IST" duration-ms="2015" status="PASS">
          <reporter-output>
          </reporter-output>
        </test-method> <!-- configBC -->
        <test-method is-config="true" signature="ConfigBM()[pri:0, instance:CRM_Ninza.createcampaign.CreateCampWithExpectedCloseDateTest@43f02ef2]" started-at="2025-11-10T16:44:12 IST" name="ConfigBM" finished-at="2025-11-10T16:44:12 IST" duration-ms="550" status="PASS">
          <reporter-output>
          </reporter-output>
        </test-method> <!-- ConfigBM -->
        <test-method signature="createCampWithExpDateTest()[pri:0, instance:CRM_Ninza.createcampaign.CreateCampWithExpectedCloseDateTest@43f02ef2]" started-at="2025-11-10T16:44:12 IST" name="createCampWithExpDateTest" finished-at="2025-11-10T16:44:14 IST" duration-ms="1385" status="PASS">
          <reporter-output>
            <line>
              <![CDATA[Successfully Created the campaign Market]]>
            </line>
            <line>
              <![CDATA[======createCampWithExpDateTest===SUCCESS=========]]>
            </line>
          </reporter-output>
        </test-method> <!-- createCampWithExpDateTest -->
        <test-method is-config="true" signature="ConfigAM()[pri:0, instance:CRM_Ninza.createcampaign.CreateCampWithExpectedCloseDateTest@43f02ef2]" started-at="2025-11-10T16:44:14 IST" name="ConfigAM" finished-at="2025-11-10T16:44:25 IST" duration-ms="11140" status="PASS">
          <reporter-output>
          </reporter-output>
        </test-method> <!-- ConfigAM -->
        <test-method is-config="true" signature="ConfigAC()[pri:0, instance:CRM_Ninza.createcampaign.CreateCampWithExpectedCloseDateTest@43f02ef2]" started-at="2025-11-10T16:44:25 IST" name="ConfigAC" finished-at="2025-11-10T16:44:26 IST" duration-ms="633" status="PASS">
          <reporter-output>
          </reporter-output>
        </test-method> <!-- ConfigAC -->
      </class> <!-- CRM_Ninza.createcampaign.CreateCampWithExpectedCloseDateTest -->
      <class name="CRM_Ninza.createcampaign.CreateCampaignWithMandatoryFeildsTest">
        <test-method is-config="true" signature="ConfigBS()[pri:0, instance:CRM_Ninza.createcampaign.CreateCampaignWithMandatoryFeildsTest@3de8f619]" started-at="2025-11-10T16:43:53 IST" name="ConfigBS" finished-at="2025-11-10T16:43:53 IST" duration-ms="18" status="PASS">
          <reporter-output>
          </reporter-output>
        </test-method> <!-- ConfigBS -->
        <test-method is-config="true" signature="configBT()[pri:0, instance:CRM_Ninza.createcampaign.CreateCampaignWithMandatoryFeildsTest@3de8f619]" started-at="2025-11-10T16:43:53 IST" name="configBT" finished-at="2025-11-10T16:43:53 IST" duration-ms="1" status="PASS">
          <reporter-output>
          </reporter-output>
        </test-method> <!-- configBT -->
        <test-method is-config="true" signature="configBC()[pri:0, instance:CRM_Ninza.createcampaign.CreateCampaignWithMandatoryFeildsTest@3de8f619]" started-at="2025-11-10T16:43:53 IST" name="configBC" finished-at="2025-11-10T16:43:55 IST" duration-ms="2757" status="PASS">
          <reporter-output>
          </reporter-output>
        </test-method> <!-- configBC -->
        <test-method is-config="true" signature="ConfigBM()[pri:0, instance:CRM_Ninza.createcampaign.CreateCampaignWithMandatoryFeildsTest@3de8f619]" started-at="2025-11-10T16:43:55 IST" name="ConfigBM" finished-at="2025-11-10T16:43:56 IST" duration-ms="423" status="PASS">
          <reporter-output>
          </reporter-output>
        </test-method> <!-- ConfigBM -->
        <test-method signature="CreateCampTest()[pri:0, instance:CRM_Ninza.createcampaign.CreateCampaignWithMandatoryFeildsTest@3de8f619]" started-at="2025-11-10T16:43:56 IST" name="CreateCampTest" finished-at="2025-11-10T16:43:58 IST" duration-ms="2357" status="PASS">
          <reporter-output>
            <line>
              <![CDATA[Successfully Created the CampaignMarket]]>
            </line>
            <line>
              <![CDATA[======CreateCampTest===SUCCESS=========]]>
            </line>
          </reporter-output>
        </test-method> <!-- CreateCampTest -->
        <test-method is-config="true" signature="ConfigAM()[pri:0, instance:CRM_Ninza.createcampaign.CreateCampaignWithMandatoryFeildsTest@3de8f619]" started-at="2025-11-10T16:43:58 IST" name="ConfigAM" finished-at="2025-11-10T16:44:09 IST" duration-ms="11056" status="PASS">
          <reporter-output>
          </reporter-output>
        </test-method> <!-- ConfigAM -->
        <test-method is-config="true" signature="ConfigAC()[pri:0, instance:CRM_Ninza.createcampaign.CreateCampaignWithMandatoryFeildsTest@3de8f619]" started-at="2025-11-10T16:44:09 IST" name="ConfigAC" finished-at="2025-11-10T16:44:10 IST" duration-ms="577" status="PASS">
          <reporter-output>
          </reporter-output>
        </test-method> <!-- ConfigAC -->
        <test-method is-config="true" signature="ConfigAT()[pri:0, instance:CRM_Ninza.createcampaign.CreateCampaignWithMandatoryFeildsTest@3de8f619]" started-at="2025-11-10T16:44:26 IST" name="ConfigAT" finished-at="2025-11-10T16:44:26 IST" duration-ms="0" status="PASS">
          <reporter-output>
          </reporter-output>
        </test-method> <!-- ConfigAT -->
        <test-method is-config="true" signature="ConfigAS()[pri:0, instance:CRM_Ninza.createcampaign.CreateCampaignWithMandatoryFeildsTest@3de8f619]" started-at="2025-11-10T16:44:26 IST" name="ConfigAS" finished-at="2025-11-10T16:44:26 IST" duration-ms="0" status="PASS">
          <reporter-output>
          </reporter-output>
        </test-method> <!-- ConfigAS -->
      </class> <!-- CRM_Ninza.createcampaign.CreateCampaignWithMandatoryFeildsTest -->
    </test> <!-- Test -->
  </suite> <!-- Suite -->
</testng-results>
