<?xml version="1.0" encoding="UTF-8"?>
<!-- Generated by org.testng.reporters.JUnitXMLReporter -->
<testsuite ignored="4" hostname="DESKTOP-DF6UCT4" failures="0" tests="2" name="Test" time="32.968" errors="0" timestamp="2025-11-10T16:44:26 IST">
  <testcase classname="CRM_Ninza.createcampaign.CreateCampaignWithMandatoryFeildsTest" name="CreateCampTest" time="2.357"/>
  <testcase classname="CRM_Ninza.createcampaign.CreateCampWithExpectedCloseDateTest" name="createCampWithExpDateTest" time="1.385"/>
  <testcase classname="crm.baseclass.BaseClass" name="@BeforeSuite ConfigBS" time="0.0">
    <ignored/>
  </testcase> <!-- @BeforeSuite ConfigBS -->
  <testcase classname="crm.baseclass.BaseClass" name="@BeforeTest configBT" time="0.0">
    <ignored/>
  </testcase> <!-- @BeforeTest configBT -->
  <testcase classname="crm.baseclass.BaseClass" name="@AfterSuite ConfigAS" time="0.0">
    <ignored/>
  </testcase> <!-- @AfterSuite ConfigAS -->
  <testcase classname="crm.baseclass.BaseClass" name="@AfterTest ConfigAT" time="0.0">
    <ignored/>
  </testcase> <!-- @AfterTest ConfigAT -->
</testsuite> <!-- Test -->
