<?xml version="1.0" encoding="UTF-8"?>
<!-- Generated by org.testng.reporters.JUnitXMLReporter -->
<testsuite ignored="0" hostname="DESKTOP-DF6UCT4" failures="1" tests="1" name="Test" time="22.074" errors="0" timestamp="2025-11-09T21:22:05 IST">
  <testcase classname="crm.SampleTest.CreateCampTest" name="createCampTest" time="7.628">
    <failure type="java.lang.AssertionError" message="The following asserts failed:
	Failed to Create the campaign Market40 expected [true] but found [false]">
      <![CDATA[java.lang.AssertionError: The following asserts failed:
Failed to Create the campaign Market40 expected [true] but found [false]
at crm.SampleTest.CreateCampTest.createCampTest(CreateCampTest.java:65)
at java.base/java.util.ArrayList.forEach(ArrayList.java:1541)
... Removed 29 stack frames]]>
    </failure>
  </testcase> <!-- createCampTest -->
</testsuite> <!-- Test -->
