<?xml version="1.0" encoding="UTF-8"?>
<!-- Generated by org.testng.reporters.JUnitReportReporter -->
<testsuite hostname="TYSS-Chandhini-CE" failures="0" tests="1" name="sample.crud.withBDD.SampleTestForBDDCompleteUpdateTest" time="1.215" errors="0" timestamp="10 Dec 2025 11:36:08 GMT" skipped="0">
  <testcase classname="sample.crud.withBDD.SampleTestForBDDCompleteUpdateTest" name="putDataFromServerwithBDD" time="1.215"/>
</testsuite> <!-- sample.crud.withBDD.SampleTestForBDDCompleteUpdateTest -->
