<?xml version="1.0" encoding="UTF-8"?>
<!-- Generated by org.testng.reporters.JUnitReportReporter -->
<testsuite hostname="TYSS-Chandhini-CE" failures="0" tests="1" name="sample.crud.withBDD.SampleTestForBDDSmallUpdateTest" time="1.216" errors="0" timestamp="10 Dec 2025 11:36:56 GMT" skipped="0">
  <testcase classname="sample.crud.withBDD.SampleTestForBDDSmallUpdateTest" name="patchDataForServerwithBDD" time="1.216"/>
</testsuite> <!-- sample.crud.withBDD.SampleTestForBDDSmallUpdateTest -->
