<?xml version="1.0" encoding="UTF-8"?>
<!-- Generated by org.testng.reporters.JUnitReportReporter -->
<testsuite hostname="DESKTOP-DF6UCT4" failures="0" tests="1" name="CRM_Ninza.createcampaign.CreateCampaignWithMandatoryFeildsTest" time="13.836" errors="0" timestamp="2025-11-10T16:44:26 IST" skipped="0">
  <testcase classname="CRM_Ninza.createcampaign.CreateCampaignWithMandatoryFeildsTest" name="CreateCampTest" time="13.836">
    <system-out>
      <![CDATA[Successfully Created the CampaignMarket
======CreateCampTest===SUCCESS=========]]>
    </system-out>
  </testcase> <!-- CreateCampTest -->
  <system-out>
    <![CDATA[Report Configuration
Successfully Created the CampaignMarket
======CreateCampTest===SUCCESS=========
Successfully Created the campaign Market
======createCampWithExpDateTest===SUCCESS=========]]>
  </system-out>
</testsuite> <!-- CRM_Ninza.createcampaign.CreateCampaignWithMandatoryFeildsTest -->
