<?xml version="1.0" encoding="UTF-8"?>
<!-- Generated by org.testng.reporters.JUnitReportReporter -->
<testsuite hostname="DESKTOP-DF6UCT4" failures="0" tests="1" name="CRM_Ninza.createcampaign.CreateCampWithExpectedCloseDateTest" time="13.085" errors="0" timestamp="2025-11-09T21:19:56 IST" skipped="0">
  <testcase classname="CRM_Ninza.createcampaign.CreateCampWithExpectedCloseDateTest" name="createCampWithExpDateTest" time="13.085">
    <system-out>
      <![CDATA[Successfully Created the campaign Market
======createCampWithExpDateTest===SUCCESS=========]]>
    </system-out>
  </testcase> <!-- createCampWithExpDateTest -->
  <system-out>
    <![CDATA[Report Configuration
Successfully Created the CampaignMarket
======CreateCampTest===SUCCESS=========
Successfully Created the campaign Market
======createCampWithExpDateTest===SUCCESS=========]]>
  </system-out>
</testsuite> <!-- CRM_Ninza.createcampaign.CreateCampWithExpectedCloseDateTest -->
